<?xml version="1.0" encoding="UTF-8"?>
<testsuite name="WelcomeControllerTest" tests="1" skipped="0" failures="0" errors="0" timestamp="2019-09-20T09:29:06" hostname="INDIA-SaranyaK" time="0.006">
  <properties/>
  <testcase name="sayHello" classname="WelcomeControllerTest" time="0.006"/>
  <system-out><![CDATA[HElloTest
]]></system-out>
  <system-err><![CDATA[]]></system-err>
</testsuite>
